<?xml version="1.0" encoding="UTF-8"?>
<!-- Generated by org.testng.reporters.JUnitReportReporter -->
<testsuite skipped="0" hostname="PCW1713853L" name="core.testGetAllAccounts" tests="1" failures="1" timestamp="2021-03-29T21:07:31 PDT" time="9.388" errors="0">
  <testcase name="schemaGetProfile" time="9.388" classname="core.testGetAllAccounts">
    <failure type="java.lang.AssertionError" message="1 expectation failed.
Response body doesn&#039;t match expectation.
Expected: The content to match the given JSON schema.
error: instance value (true) not found in enum (possible values: [false])
    level: &quot;error&quot;
    schema: {&quot;loadingURI&quot;:&quot;file:/Users/atilo02/Workspace/S&amp;P/target/test-classes/getallaccounts/schema.json#&quot;,&quot;pointer&quot;:&quot;/properties/applePayFlag&quot;}
    instance: {&quot;pointer&quot;:&quot;/applePayFlag&quot;}
    domain: &quot;validation&quot;
    keyword: &quot;enum&quot;
    value: true
    enum: [false]

  Actual: {
  &quot;accounts&quot;: [
    {
      &quot;fdAccountId&quot;: &quot;8a7fbdb07839bf7501784c1ae17a0ebd&quot;,
      &quot;type&quot;: &quot;CREDIT&quot;,
      &quot;status&quot;: &quot;ACTIVE&quot;,
      &quot;credit&quot;: {
        &quot;nameOnCard&quot;: &quot;Test&quot;,
        &quot;alias&quot;: &quot;2232&quot;,
        &quot;cardType&quot;: &quot;DISCOVER&quot;,
        &quot;billingAddress&quot;: {
          &quot;postalCode&quot;: &quot;00000&quot;
        },
        &quot;expiryDate&quot;: {
          &quot;month&quot;: &quot;12&quot;,
          &quot;year&quot;: &quot;21&quot;,
          &quot;singleValue&quot;: &quot;1221&quot;
        },
        &quot;token&quot;: {
          &quot;tokenType&quot;: &quot;FORMAT_PRESERVING_MULTI_USE&quot;,
          &quot;tokenProvider&quot;: &quot;TRANS_ARMOR&quot;,
          &quot;tokenId&quot;: &quot;1017183722122232&quot;
        }
      },
      &quot;token&quot;: {
        &quot;tokenType&quot;: &quot;FORMAT_PRESERVING_MULTI_USE&quot;,
        &quot;tokenProvider&quot;: &quot;TRANS_ARMOR&quot;,
        &quot;tokenId&quot;: &quot;1017183722122232&quot;
      },
      &quot;hostExtraInfo&quot;: [
        {
          &quot;name&quot;: &quot;NETWORK_TRANSACTION_ID&quot;,
          &quot;value&quot;: &quot;123456789012345&quot;
        }
      ],
      &quot;dateCreated&quot;: &quot;2021-03-19T20:08:53Z&quot;,
      &quot;dateModified&quot;: &quot;2021-03-19T20:08:53Z&quot;
    }
  ],
  &quot;ack&quot;: &quot;0&quot;,
  &quot;hrLimitReached&quot;: false,
  &quot;defaultCard&quot;: &quot;8a7fb291778288c501778436c2e1013f&quot;,
  &quot;applePayFlag&quot;: true
}
">
      <![CDATA[java.lang.AssertionError: 1 expectation failed.
Response body doesn't match expectation.
Expected: The content to match the given JSON schema.
error: instance value (true) not found in enum (possible values: [false])
    level: "error"
    schema: {"loadingURI":"file:/Users/atilo02/Workspace/S&P/target/test-classes/getallaccounts/schema.json#","pointer":"/properties/applePayFlag"}
    instance: {"pointer":"/applePayFlag"}
    domain: "validation"
    keyword: "enum"
    value: true
    enum: [false]

  Actual: {
  "accounts": [
    {
      "fdAccountId": "8a7fbdb07839bf7501784c1ae17a0ebd",
      "type": "CREDIT",
      "status": "ACTIVE",
      "credit": {
        "nameOnCard": "Test",
        "alias": "2232",
        "cardType": "DISCOVER",
        "billingAddress": {
          "postalCode": "00000"
        },
        "expiryDate": {
          "month": "12",
          "year": "21",
          "singleValue": "1221"
        },
        "token": {
          "tokenType": "FORMAT_PRESERVING_MULTI_USE",
          "tokenProvider": "TRANS_ARMOR",
          "tokenId": "1017183722122232"
        }
      },
      "token": {
        "tokenType": "FORMAT_PRESERVING_MULTI_USE",
        "tokenProvider": "TRANS_ARMOR",
        "tokenId": "1017183722122232"
      },
      "hostExtraInfo": [
        {
          "name": "NETWORK_TRANSACTION_ID",
          "value": "123456789012345"
        }
      ],
      "dateCreated": "2021-03-19T20:08:53Z",
      "dateModified": "2021-03-19T20:08:53Z"
    }
  ],
  "ack": "0",
  "hrLimitReached": false,
  "defaultCard": "8a7fb291778288c501778436c2e1013f",
  "applePayFlag": true
}

at sun.reflect.NativeConstructorAccessorImpl.newInstance0(Native Method)
at sun.reflect.NativeConstructorAccessorImpl.newInstance(NativeConstructorAccessorImpl.java:62)
at sun.reflect.DelegatingConstructorAccessorImpl.newInstance(DelegatingConstructorAccessorImpl.java:45)
at java.lang.reflect.Constructor.newInstance(Constructor.java:423)
at org.codehaus.groovy.reflection.CachedConstructor.invoke(CachedConstructor.java:80)
at org.codehaus.groovy.reflection.CachedConstructor.doConstructorInvoke(CachedConstructor.java:74)
at org.codehaus.groovy.runtime.callsite.ConstructorSite$ConstructorSiteNoUnwrap.callConstructor(ConstructorSite.java:84)
at org.codehaus.groovy.runtime.callsite.CallSiteArray.defaultCallConstructor(CallSiteArray.java:59)
at org.codehaus.groovy.runtime.callsite.AbstractCallSite.callConstructor(AbstractCallSite.java:237)
at org.codehaus.groovy.runtime.callsite.AbstractCallSite.callConstructor(AbstractCallSite.java:249)
at io.restassured.internal.ResponseSpecificationImpl$HamcrestAssertionClosure.validate(ResponseSpecificationImpl.groovy:493)
at io.restassured.internal.ResponseSpecificationImpl$HamcrestAssertionClosure$validate$1.call(Unknown Source)
at io.restassured.internal.ResponseSpecificationImpl.validateResponseIfRequired(ResponseSpecificationImpl.groovy:674)
at sun.reflect.NativeMethodAccessorImpl.invoke0(Native Method)
at sun.reflect.NativeMethodAccessorImpl.invoke(NativeMethodAccessorImpl.java:62)
at sun.reflect.DelegatingMethodAccessorImpl.invoke(DelegatingMethodAccessorImpl.java:43)
at java.lang.reflect.Method.invoke(Method.java:498)
at org.codehaus.groovy.runtime.callsite.PlainObjectMetaMethodSite.doInvoke(PlainObjectMetaMethodSite.java:43)
at org.codehaus.groovy.runtime.callsite.PogoMetaMethodSite$PogoCachedMethodSiteNoUnwrapNoCoerce.invoke(PogoMetaMethodSite.java:190)
at org.codehaus.groovy.runtime.callsite.PogoMetaMethodSite.callCurrent(PogoMetaMethodSite.java:58)
at org.codehaus.groovy.runtime.callsite.CallSiteArray.defaultCallCurrent(CallSiteArray.java:51)
at org.codehaus.groovy.runtime.callsite.AbstractCallSite.callCurrent(AbstractCallSite.java:156)
at org.codehaus.groovy.runtime.callsite.AbstractCallSite.callCurrent(AbstractCallSite.java:168)
at io.restassured.internal.ResponseSpecificationImpl.body(ResponseSpecificationImpl.groovy:98)
at io.restassured.internal.ValidatableResponseOptionsImpl.body(ValidatableResponseOptionsImpl.java:238)
at io.restassured.internal.ValidatableResponseImpl.super$2$body(ValidatableResponseImpl.groovy)
at sun.reflect.NativeMethodAccessorImpl.invoke0(Native Method)
at sun.reflect.NativeMethodAccessorImpl.invoke(NativeMethodAccessorImpl.java:62)
at sun.reflect.DelegatingMethodAccessorImpl.invoke(DelegatingMethodAccessorImpl.java:43)
at java.lang.reflect.Method.invoke(Method.java:498)
at org.codehaus.groovy.reflection.CachedMethod.invoke(CachedMethod.java:101)
at groovy.lang.MetaMethod.doMethodInvoke(MetaMethod.java:323)
at groovy.lang.MetaClassImpl.invokeMethod(MetaClassImpl.java:1217)
at org.codehaus.groovy.runtime.ScriptBytecodeAdapter.invokeMethodOnSuperN(ScriptBytecodeAdapter.java:144)
at io.restassured.internal.ValidatableResponseImpl.body(ValidatableResponseImpl.groovy:293)
at io.restassured.internal.ValidatableResponseImpl.body(ValidatableResponseImpl.groovy)
at core.testGetAllAccounts.schemaGetProfile(testGetAllAccounts.java:84)
at sun.reflect.NativeMethodAccessorImpl.invoke0(Native Method)
at sun.reflect.NativeMethodAccessorImpl.invoke(NativeMethodAccessorImpl.java:62)
at sun.reflect.DelegatingMethodAccessorImpl.invoke(DelegatingMethodAccessorImpl.java:43)
at java.lang.reflect.Method.invoke(Method.java:498)
at org.testng.internal.MethodInvocationHelper.invokeMethod(MethodInvocationHelper.java:132)
at org.testng.internal.TestInvoker.invokeMethod(TestInvoker.java:599)
at org.testng.internal.TestInvoker.invokeTestMethod(TestInvoker.java:174)
at org.testng.internal.MethodRunner.runInSequence(MethodRunner.java:46)
at org.testng.internal.TestInvoker$MethodInvocationAgent.invoke(TestInvoker.java:822)
at org.testng.internal.TestInvoker.invokeTestMethods(TestInvoker.java:147)
at org.testng.internal.TestMethodWorker.invokeTestMethods(TestMethodWorker.java:146)
at org.testng.internal.TestMethodWorker.run(TestMethodWorker.java:128)
at java.util.ArrayList.forEach(ArrayList.java:1259)
at org.testng.TestRunner.privateRun(TestRunner.java:764)
at org.testng.TestRunner.run(TestRunner.java:585)
at org.testng.SuiteRunner.runTest(SuiteRunner.java:384)
at org.testng.SuiteRunner.runSequentially(SuiteRunner.java:378)
at org.testng.SuiteRunner.privateRun(SuiteRunner.java:337)
at org.testng.SuiteRunner.run(SuiteRunner.java:286)
at org.testng.SuiteRunnerWorker.runSuite(SuiteRunnerWorker.java:53)
at org.testng.SuiteRunnerWorker.run(SuiteRunnerWorker.java:96)
at org.testng.TestNG.runSuitesSequentially(TestNG.java:1218)
at org.testng.TestNG.runSuitesLocally(TestNG.java:1140)
at org.testng.TestNG.runSuites(TestNG.java:1069)
at org.testng.TestNG.run(TestNG.java:1037)
at org.testng.remote.AbstractRemoteTestNG.run(AbstractRemoteTestNG.java:115)
at org.testng.remote.RemoteTestNG.initAndRun(RemoteTestNG.java:251)
at org.testng.remote.RemoteTestNG.main(RemoteTestNG.java:77)
]]>
    </failure>
  </testcase> <!-- schemaGetProfile -->
  <system-out/>
</testsuite> <!-- core.testGetAllAccounts -->
